Build started 29.2.2016 12:24:04.
     1>Project "C:\Users\Správce\Desktop\_PROJECT\FlyXsense.vcxproj" on node 2 (Build target(s)).
     1>ClCompile:
         C:\Program Files (x86)\Microsoft Visual Studio 12.0\VC\bin\CL.exe /c /I"c:\Program Files (x86)\Arduino\hardware\arduino\avr\cores\arduino" /I"c:\Program Files (x86)\Arduino\hardware\arduino\avr\variants\eightanaloginputs" /I"c:\Program Files (x86)\Arduino\hardware\arduino\avr\libraries\SoftwareSerial" /I"c:\Program Files (x86)\Arduino\hardware\arduino\avr\libraries\SoftwareSerial\utility" /I"c:\Program Files (x86)\Arduino\hardware\arduino\avr\libraries\EEPROM" /I"c:\Program Files (x86)\Arduino\hardware\arduino\avr\libraries\EEPROM\utility" /I"c:\Program Files (x86)\Arduino\libraries" /I"c:\Program Files (x86)\Arduino\hardware\arduino\avr\libraries" /I"C:\Program Files (x86)\Visual Micro\Visual Micro for Arduino\Micro Platforms\default\debuggers" /IC:\Users\polachp\Documents\Arduino\libraries /I"c:\program files (x86)\arduino\hardware\tools\avr\avr\include\\" /I"c:\program files (x86)\arduino\hardware\tools\avr\avr\include\avr\\" /I"c:\program files (x86)\arduino\hardware\tools\avr\avr\\" /I"c:\program files (x86)\arduino\hardware\tools\avr\lib\gcc\avr\4.3.2\include\\" /Zi /nologo /W3 /WX- /Od /Oi /Oy- /D __AVR_ATmega328p__ /D __AVR_ATmega328P__ /D ARDUINO=160 /D ARDUINO_MAIN /D __AVR__ /D __avr__ /D F_CPU=16000000L /D __cplusplus /D _MBCS /X /Gm- /EHsc /MD /GS /Gy /fp:precise /Zc:wchar_t /Zc:forScope /Fo"Release\\" /Fd"Release\vc120.pdb" /Gd /TP /FI"C:\_PROJECT\Visual Micro\._PROJECT.vsarduino.h" /analyze- /errorReport:prompt FXS_Button.cpp FXS_compensatedVario.cpp FXS_config.cpp FXS_I2C.cpp FXS_KalmanFilter.cpp FXS_ms4525.cpp FXS_ms5611.cpp FXS_Sounds.cpp FXS_toneAC.cpp TinyGPS.cpp
         FXS_Button.cpp
     1>c1xx : warning C4117: macro name '__cplusplus' is reserved, '#define' ignored
     1>FXS_Button.cpp : fatal error C1083: Cannot open include file: 'C:\_PROJECT\Visual Micro\._PROJECT.vsarduino.h': No such file or directory
         FXS_compensatedVario.cpp
     1>c1xx : warning C4117: macro name '__cplusplus' is reserved, '#define' ignored
     1>FXS_compensatedVario.cpp : fatal error C1083: Cannot open include file: 'C:\_PROJECT\Visual Micro\._PROJECT.vsarduino.h': No such file or directory
         FXS_config.cpp
     1>c1xx : warning C4117: macro name '__cplusplus' is reserved, '#define' ignored
     1>FXS_config.cpp : fatal error C1083: Cannot open include file: 'C:\_PROJECT\Visual Micro\._PROJECT.vsarduino.h': No such file or directory
         FXS_I2C.cpp
     1>c1xx : warning C4117: macro name '__cplusplus' is reserved, '#define' ignored
     1>FXS_I2C.cpp : fatal error C1083: Cannot open include file: 'C:\_PROJECT\Visual Micro\._PROJECT.vsarduino.h': No such file or directory
         FXS_KalmanFilter.cpp
     1>c1xx : warning C4117: macro name '__cplusplus' is reserved, '#define' ignored
     1>FXS_KalmanFilter.cpp : fatal error C1083: Cannot open include file: 'C:\_PROJECT\Visual Micro\._PROJECT.vsarduino.h': No such file or directory
         FXS_ms4525.cpp
     1>c1xx : warning C4117: macro name '__cplusplus' is reserved, '#define' ignored
     1>FXS_ms4525.cpp : fatal error C1083: Cannot open include file: 'C:\_PROJECT\Visual Micro\._PROJECT.vsarduino.h': No such file or directory
         FXS_ms5611.cpp
     1>c1xx : warning C4117: macro name '__cplusplus' is reserved, '#define' ignored
     1>FXS_ms5611.cpp : fatal error C1083: Cannot open include file: 'C:\_PROJECT\Visual Micro\._PROJECT.vsarduino.h': No such file or directory
         FXS_Sounds.cpp
     1>c1xx : warning C4117: macro name '__cplusplus' is reserved, '#define' ignored
     1>FXS_Sounds.cpp : fatal error C1083: Cannot open include file: 'C:\_PROJECT\Visual Micro\._PROJECT.vsarduino.h': No such file or directory
         FXS_toneAC.cpp
     1>c1xx : warning C4117: macro name '__cplusplus' is reserved, '#define' ignored
     1>FXS_toneAC.cpp : fatal error C1083: Cannot open include file: 'C:\_PROJECT\Visual Micro\._PROJECT.vsarduino.h': No such file or directory
         TinyGPS.cpp
     1>c1xx : warning C4117: macro name '__cplusplus' is reserved, '#define' ignored
     1>TinyGPS.cpp : fatal error C1083: Cannot open include file: 'C:\_PROJECT\Visual Micro\._PROJECT.vsarduino.h': No such file or directory
         Generating Code...
     1>Done Building Project "C:\Users\Správce\Desktop\_PROJECT\FlyXsense.vcxproj" (Build target(s)) -- FAILED.

Build FAILED.

Time Elapsed 00:00:00.85
